gyp info it worked if it ends with ok
gyp info using node-gyp@11.4.2
gyp info using node@24.11.0 | darwin | arm64
gyp info find Python using Python version 3.9.6 found at "/Library/Developer/CommandLineTools/usr/bin/python3"
gyp info spawn /Library/Developer/CommandLineTools/usr/bin/python3
gyp info spawn args [
gyp info spawn args '/usr/local/lib/node_modules/npm/node_modules/node-gyp/gyp/gyp_main.py',
gyp info spawn args 'binding.gyp',
gyp info spawn args '-f',
gyp info spawn args 'make',
gyp info spawn args '-I',
gyp info spawn args '/Users/sahilsingh/Desktop/MarkiFy/backend/node_modules/passport-mongoose/node_modules/kerberos/build/config.gypi',
gyp info spawn args '-I',
gyp info spawn args '/usr/local/lib/node_modules/npm/node_modules/node-gyp/addon.gypi',
gyp info spawn args '-I',
gyp info spawn args '/Users/sahilsingh/Library/Caches/node-gyp/24.11.0/include/node/common.gypi',
gyp info spawn args '-Dlibrary=shared_library',
gyp info spawn args '-Dvisibility=default',
gyp info spawn args '-Dnode_root_dir=/Users/sahilsingh/Library/Caches/node-gyp/24.11.0',
gyp info spawn args '-Dnode_gyp_dir=/usr/local/lib/node_modules/npm/node_modules/node-gyp',
gyp info spawn args '-Dnode_lib_file=/Users/sahilsingh/Library/Caches/node-gyp/24.11.0/<(target_arch)/node.lib',
gyp info spawn args '-Dmodule_root_dir=/Users/sahilsingh/Desktop/MarkiFy/backend/node_modules/passport-mongoose/node_modules/kerberos',
gyp info spawn args '-Dnode_engine=v8',
gyp info spawn args '--depth=.',
gyp info spawn args '--no-parallel',
gyp info spawn args '--generator-output',
gyp info spawn args 'build',
gyp info spawn args '-Goutput_dir=.'
gyp info spawn args ]
gyp info spawn make
gyp info spawn args [ 'BUILDTYPE=Release', '-C', 'build' ]
In file included from ../lib/kerberos.cc:1:
../lib/kerberos.h:34:48: error: unknown type name 'Arguments'
   34 |   static Handle<Value> AuthGSSClientInit(const Arguments &args);
      |                                                ^
../lib/kerberos.h:35:48: error: unknown type name 'Arguments'
   35 |   static Handle<Value> AuthGSSClientStep(const Arguments &args);
      |                                                ^
../lib/kerberos.h:36:50: error: unknown type name 'Arguments'
   36 |   static Handle<Value> AuthGSSClientUnwrap(const Arguments &args);
      |                                                  ^
../lib/kerberos.h:37:48: error: unknown type name 'Arguments'
   37 |   static Handle<Value> AuthGSSClientWrap(const Arguments &args);
      |                                                ^
../lib/kerberos.h:38:49: error: unknown type name 'Arguments'
   38 |   static Handle<Value> AuthGSSClientClean(const Arguments &args);
      |                                                 ^
../lib/kerberos.h:41:34: error: unknown type name 'Arguments'
   41 |   static Handle<Value> New(const Arguments &args);  
      |                                  ^
../lib/kerberos.h:44:23: error: unknown type name 'uv_work_t'
   44 |   static void Process(uv_work_t* work_req);
      |                       ^
../lib/kerberos.h:46:21: error: unknown type name 'uv_work_t'
   46 |   static void After(uv_work_t* work_req);
      |                     ^
In file included from ../lib/kerberos.cc:4:
../lib/worker.h:17:5: error: unknown type name 'uv_work_t'
   17 |     uv_work_t request;
      |     ^
In file included from ../lib/kerberos.cc:5:
../lib/kerberos_context.h:44:34: error: unknown type name 'Arguments'
   44 |   static Handle<Value> New(const Arguments &args);  
      |                                  ^
../lib/kerberos_context.h:46:69: error: unknown type name 'AccessorInfo'
   46 |   static Handle<Value> ResponseGetter(Local<String> property, const AccessorInfo& info);  
      |                                                                     ^
../lib/kerberos_context.h:27:39: error: too few arguments to function call, single argument 'context' was not specified
   27 |     Local<Object> obj = val->ToObject();
      |                         ~~~~~~~~~~~~~ ^
/Users/sahilsingh/Library/Caches/node-gyp/24.11.0/include/node/v8-value.h:411:44: note: 'ToObject' declared here
  411 |   V8_WARN_UNUSED_RESULT MaybeLocal<Object> ToObject(
      |                                            ^
  412 |       Local<Context> context) const;
      |       ~~~~~~~~~~~~~~~~~~~~~~
In file included from ../lib/kerberos.cc:5:
../lib/kerberos_context.h:27:19: error: no viable conversion from 'MaybeLocal<Object>' to 'Local<Object>'
   27 |     Local<Object> obj = val->ToObject();
      |                   ^     ~~~~~~~~~~~~~~~
/Users/sahilsingh/Library/Caches/node-gyp/24.11.0/include/node/v8-local-handle.h:261:22: note: candidate constructor (the implicit copy constructor) not viable: no known conversion from 'MaybeLocal<Object>' to 'const Local<Object> &' for 1st argument
  261 | class V8_TRIVIAL_ABI Local : public LocalBase<T>,
      |                      ^~~~~
/Users/sahilsingh/Library/Caches/node-gyp/24.11.0/include/node/v8-local-handle.h:261:22: note: candidate constructor (the implicit move constructor) not viable: no known conversion from 'MaybeLocal<Object>' to 'Local<Object> &&' for 1st argument
  261 | class V8_TRIVIAL_ABI Local : public LocalBase<T>,
      |                      ^~~~~
/Users/sahilsingh/Library/Caches/node-gyp/24.11.0/include/node/v8-local-handle.h:281:13: note: candidate template ignored: could not match 'Local' against 'MaybeLocal'
  281 |   V8_INLINE Local(Local<S> that) : LocalBase<T>(that) {}
      |             ^
/Users/sahilsingh/Library/Caches/node-gyp/24.11.0/include/node/v8-local-handle.h:405:12: note: explicit constructor is not a candidate
  405 |   explicit Local(no_checking_tag do_not_check)
      |            ^
/Users/sahilsingh/Library/Caches/node-gyp/24.11.0/include/node/v8-local-handle.h:410:22: note: explicit constructor is not a candidate
  410 |   V8_INLINE explicit Local(const LocalBase<T>& other) : LocalBase<T>(other) {}
      |                      ^
In file included from ../lib/kerberos.cc:5:
../lib/kerberos_context.h:28:32: error: member reference type 'Persistent<FunctionTemplate>' is not a pointer; did you mean to use '.'?
   28 |     return constructor_template->HasInstance(obj);
      |            ~~~~~~~~~~~~~~~~~~~~^~
      |                                .
../lib/kerberos_context.h:28:34: error: no member named 'HasInstance' in 'v8::Persistent<v8::FunctionTemplate>'
   28 |     return constructor_template->HasInstance(obj);
      |            ~~~~~~~~~~~~~~~~~~~~  ^
../lib/kerberos.cc:51:15: error: calling a protected constructor of class 'v8::HandleScope'
   51 |   HandleScope scope;
      |               ^
/Users/sahilsingh/Library/Caches/node-gyp/24.11.0/include/node/v8-local-handle.h:119:13: note: declared protected here
  119 |   V8_INLINE HandleScope() = default;
      |             ^
../lib/kerberos.cc:52:50: error: no member named 'New' in 'v8::String'
   52 |   return ThrowException(Exception::Error(String::New(msg)));
      |                                          ~~~~~~~~^
../lib/kerberos.cc:60:15: error: calling a protected constructor of class 'v8::HandleScope'
   60 |   HandleScope scope;
      |               ^
/Users/sahilsingh/Library/Caches/node-gyp/24.11.0/include/node/v8-local-handle.h:119:13: note: declared protected here
  119 |   V8_INLINE HandleScope() = default;
      |             ^
../lib/kerberos.cc:63:56: error: 'New' is a private member of 'v8::PersistentBase<v8::FunctionTemplate>'
   63 |   constructor_template = Persistent<FunctionTemplate>::New(t);
      |                                                        ^
/Users/sahilsingh/Library/Caches/node-gyp/24.11.0/include/node/v8-persistent-handle.h:217:39: note: declared private here
  217 |   V8_INLINE static internal::Address* New(Isolate* isolate, T* that);
      |                                       ^
fatal error: too many errors emitted, stopping now [-ferror-limit=]
20 errors generated.
make: *** [Release/obj.target/kerberos/lib/kerberos.o] Error 1
gyp ERR! build error 
gyp ERR! stack Error: `make` failed with exit code: 2
gyp ERR! stack at ChildProcess.<anonymous> (/usr/local/lib/node_modules/npm/node_modules/node-gyp/lib/build.js:219:23)
gyp ERR! System Darwin 24.6.0
gyp ERR! command "/usr/local/bin/node" "/usr/local/lib/node_modules/npm/node_modules/node-gyp/bin/node-gyp.js" "rebuild"
gyp ERR! cwd /Users/sahilsingh/Desktop/MarkiFy/backend/node_modules/passport-mongoose/node_modules/kerberos
gyp ERR! node -v v24.11.0
gyp ERR! node-gyp -v v11.4.2
gyp ERR! not ok 
